<?xml version="1.0" encoding="UTF-8"?>
<testng-results skipped="0" failed="0" total="1" passed="1">
  <reporter-output>
  </reporter-output>
  <suite name="Default suite" duration-ms="57612" started-at="2017-07-04T17:21:00Z" finished-at="2017-07-04T17:21:57Z">
    <groups>
    </groups>
    <test name="Default test" duration-ms="57612" started-at="2017-07-04T17:21:00Z" finished-at="2017-07-04T17:21:57Z">
      <class name="test_pkg.Framework">
        <test-method status="PASS" signature="beforemethod()[pri:0, instance:test_pkg.Framework@6e3c1e69]" name="beforemethod" is-config="true" duration-ms="56586" started-at="2017-07-04T22:51:00Z" finished-at="2017-07-04T22:51:56Z">
          <reporter-output>
          </reporter-output>
        </test-method> <!-- beforemethod -->
        <test-method status="PASS" signature="main()[pri:0, instance:test_pkg.Framework@6e3c1e69]" name="main" duration-ms="1005" started-at="2017-07-04T22:51:56Z" finished-at="2017-07-04T22:51:57Z">
          <reporter-output>
          </reporter-output>
        </test-method> <!-- main -->
      </class> <!-- test_pkg.Framework -->
    </test> <!-- Default test -->
  </suite> <!-- Default suite -->
</testng-results>
